# JRE version: Java(TM) SE Runtime Environment (8.0_05-b13) (build 1.8.0_05-b13)
# Java VM: Java HotSpot(TM) 64-Bit Server VM (25.5-b02 mixed mode windows-amd64 compressed oops)
Heap:
 PSYoungGen      total 95744K, used 51577K [0x00000000eab00000, 0x00000000f2480000, 0x0000000100000000)
  eden space 70144K, 70% used [0x00000000eab00000,0x00000000edb6e4f0,0x00000000eef80000)
  from space 25600K, 7% used [0x00000000f0900000,0x00000000f0af0000,0x00000000f2200000)
  to   space 26112K, 0% used [0x00000000eef80000,0x00000000eef80000,0x00000000f0900000)
 ParOldGen       total 48128K, used 36722K [0x00000000c0000000, 0x00000000c2f00000, 0x00000000eab00000)
  object space 48128K, 76% used [0x00000000c0000000,0x00000000c23dcb28,0x00000000c2f00000)
 Metaspace       used 57826K, capacity 59862K, committed 60032K, reserved 1101824K
  class space    used 7794K, capacity 8217K, committed 8320K, reserved 1048576K
GC Heap History (10 events):
Event: 306.186 GC heap before
{Heap before GC invocations=111 (full 8):
 PSYoungGen      total 88064K, used 77736K [0x00000000eab00000, 0x00000000f1680000, 0x0000000100000000)
  eden space 67072K, 100% used [0x00000000eab00000,0x00000000eec80000,0x00000000eec80000)
  from space 20992K, 50% used [0x00000000f0200000,0x00000000f0c6a058,0x00000000f1680000)
  to   space 21504K, 0% used [0x00000000eec80000,0x00000000eec80000,0x00000000f0180000)
 ParOldGen       total 48128K, used 39112K [0x00000000c0000000, 0x00000000c2f00000, 0x00000000eab00000)
  object space 48128K, 81% used [0x00000000c0000000,0x00000000c26322b8,0x00000000c2f00000)
 Metaspace       used 57407K, capacity 59188K, committed 59392K, reserved 1099776K
  class space    used 7744K, capacity 8106K, committed 8192K, reserved 1048576K
Event: 306.198 GC heap after
Heap after GC invocations=111 (full 8):
 PSYoungGen      total 88576K, used 19702K [0x00000000eab00000, 0x00000000f1e00000, 0x0000000100000000)
  eden space 67072K, 0% used [0x00000000eab00000,0x00000000eab00000,0x00000000eec80000)
  from space 21504K, 91% used [0x00000000eec80000,0x00000000effbd898,0x00000000f0180000)
  to   space 23552K, 0% used [0x00000000f0700000,0x00000000f0700000,0x00000000f1e00000)
 ParOldGen       total 48128K, used 39120K [0x00000000c0000000, 0x00000000c2f00000, 0x00000000eab00000)
  object space 48128K, 81% used [0x00000000c0000000,0x00000000c26342b8,0x00000000c2f00000)
 Metaspace       used 57407K, capacity 59188K, committed 59392K, reserved 1099776K
  class space    used 7744K, capacity 8106K, committed 8192K, reserved 1048576K
}
Event: 307.727 GC heap before
{Heap before GC invocations=112 (full 8):
 PSYoungGen      total 88576K, used 86774K [0x00000000eab00000, 0x00000000f1e00000, 0x0000000100000000)
  eden space 67072K, 100% used [0x00000000eab00000,0x00000000eec80000,0x00000000eec80000)
  from space 21504K, 91% used [0x00000000eec80000,0x00000000effbd898,0x00000000f0180000)
  to   space 23552K, 0% used [0x00000000f0700000,0x00000000f0700000,0x00000000f1e00000)
 ParOldGen       total 48128K, used 39120K [0x00000000c0000000, 0x00000000c2f00000, 0x00000000eab00000)
  object space 48128K, 81% used [0x00000000c0000000,0x00000000c26342b8,0x00000000c2f00000)
 Metaspace       used 57478K, capacity 59252K, committed 59392K, reserved 1099776K
  class space    used 7744K, capacity 8106K, committed 8192K, reserved 1048576K
Event: 307.744 GC heap after
Heap after GC invocations=112 (full 8):
 PSYoungGen      total 92672K, used 18923K [0x00000000eab00000, 0x00000000f2100000, 0x0000000100000000)
  eden space 69120K, 0% used [0x00000000eab00000,0x00000000eab00000,0x00000000eee80000)
  from space 23552K, 80% used [0x00000000f0700000,0x00000000f197afb8,0x00000000f1e00000)
  to   space 25088K, 0% used [0x00000000eee80000,0x00000000eee80000,0x00000000f0700000)
 ParOldGen       total 48128K, used 39312K [0x00000000c0000000, 0x00000000c2f00000, 0x00000000eab00000)
  object space 48128K, 81% used [0x00000000c0000000,0x00000000c26642b8,0x00000000c2f00000)
 Metaspace       used 57478K, capacity 59252K, committed 59392K, reserved 1099776K
  class space    used 7744K, capacity 8106K, committed 8192K, reserved 1048576K
}
Event: 308.371 GC heap before
{Heap before GC invocations=113 (full 8):
 PSYoungGen      total 92672K, used 49460K [0x00000000eab00000, 0x00000000f2100000, 0x0000000100000000)
  eden space 69120K, 44% used [0x00000000eab00000,0x00000000ec8d20f0,0x00000000eee80000)
  from space 23552K, 80% used [0x00000000f0700000,0x00000000f197afb8,0x00000000f1e00000)
  to   space 25088K, 0% used [0x00000000eee80000,0x00000000eee80000,0x00000000f0700000)
 ParOldGen       total 48128K, used 39312K [0x00000000c0000000, 0x00000000c2f00000, 0x00000000eab00000)
  object space 48128K, 81% used [0x00000000c0000000,0x00000000c26642b8,0x00000000c2f00000)
 Metaspace       used 57519K, capacity 59252K, committed 59392K, reserved 1099776K
  class space    used 7744K, capacity 8106K, committed 8192K, reserved 1048576K
Event: 308.373 GC heap after
Heap after GC invocations=113 (full 8):
 PSYoungGen      total 94208K, used 2303K [0x00000000eab00000, 0x00000000f2200000, 0x0000000100000000)
  eden space 69120K, 0% used [0x00000000eab00000,0x00000000eab00000,0x00000000eee80000)
  from space 25088K, 9% used [0x00000000eee80000,0x00000000ef0bfca0,0x00000000f0700000)
  to   space 25600K, 0% used [0x00000000f0900000,0x00000000f0900000,0x00000000f2200000)
 ParOldGen       total 48128K, used 39320K [0x00000000c0000000, 0x00000000c2f00000, 0x00000000eab00000)
  object space 48128K, 81% used [0x00000000c0000000,0x00000000c26662b8,0x00000000c2f00000)
 Metaspace       used 57519K, capacity 59252K, committed 59392K, reserved 1099776K
  class space    used 7744K, capacity 8106K, committed 8192K, reserved 1048576K
}
Event: 308.373 GC heap before
{Heap before GC invocations=114 (full 9):
 PSYoungGen      total 94208K, used 2303K [0x00000000eab00000, 0x00000000f2200000, 0x0000000100000000)
  eden space 69120K, 0% used [0x00000000eab00000,0x00000000eab00000,0x00000000eee80000)
  from space 25088K, 9% used [0x00000000eee80000,0x00000000ef0bfca0,0x00000000f0700000)
  to   space 25600K, 0% used [0x00000000f0900000,0x00000000f0900000,0x00000000f2200000)
 ParOldGen       total 48128K, used 39320K [0x00000000c0000000, 0x00000000c2f00000, 0x00000000eab00000)
  object space 48128K, 81% used [0x00000000c0000000,0x00000000c26662b8,0x00000000c2f00000)
 Metaspace       used 57519K, capacity 59252K, committed 59392K, reserved 1099776K
  class space    used 7744K, capacity 8106K, committed 8192K, reserved 1048576K
Event: 308.583 GC heap after
Heap after GC invocations=114 (full 9):
 PSYoungGen      total 94208K, used 0K [0x00000000eab00000, 0x00000000f2200000, 0x0000000100000000)
  eden space 69120K, 0% used [0x00000000eab00000,0x00000000eab00000,0x00000000eee80000)
  from space 25088K, 0% used [0x00000000eee80000,0x00000000eee80000,0x00000000f0700000)
  to   space 25600K, 0% used [0x00000000f0900000,0x00000000f0900000,0x00000000f2200000)
 ParOldGen       total 48128K, used 36714K [0x00000000c0000000, 0x00000000c2f00000, 0x00000000eab00000)
  object space 48128K, 76% used [0x00000000c0000000,0x00000000c23dab28,0x00000000c2f00000)
 Metaspace       used 57519K, capacity 59252K, committed 59392K, reserved 1099776K
  class space    used 7744K, capacity 8106K, committed 8192K, reserved 1048576K
}
Event: 325.020 GC heap before
{Heap before GC invocations=115 (full 9):
 PSYoungGen      total 94208K, used 69120K [0x00000000eab00000, 0x00000000f2200000, 0x0000000100000000)
  eden space 69120K, 100% used [0x00000000eab00000,0x00000000eee80000,0x00000000eee80000)
  from space 25088K, 0% used [0x00000000eee80000,0x00000000eee80000,0x00000000f0700000)
  to   space 25600K, 0% used [0x00000000f0900000,0x00000000f0900000,0x00000000f2200000)
 ParOldGen       total 48128K, used 36714K [0x00000000c0000000, 0x00000000c2f00000, 0x00000000eab00000)
  object space 48128K, 76% used [0x00000000c0000000,0x00000000c23dab28,0x00000000c2f00000)
 Metaspace       used 57590K, capacity 59436K, committed 59648K, reserved 1101824K
  class space    used 7753K, capacity 8146K, committed 8192K, reserved 1048576K
Event: 325.022 GC heap after
Heap after GC invocations=115 (full 9):
 PSYoungGen      total 95744K, used 1984K [0x00000000eab00000, 0x00000000f2480000, 0x0000000100000000)
  eden space 70144K, 0% used [0x00000000eab00000,0x00000000eab00000,0x00000000eef80000)
  from space 25600K, 7% used [0x00000000f0900000,0x00000000f0af0000,0x00000000f2200000)
  to   space 26112K, 0% used [0x00000000eef80000,0x00000000eef80000,0x00000000f0900000)
 ParOldGen       total 48128K, used 36722K [0x00000000c0000000, 0x00000000c2f00000, 0x00000000eab00000)
  object space 48128K, 76% used [0x00000000c0000000,0x00000000c23dcb28,0x00000000c2f00000)
 Metaspace       used 57590K, capacity 59436K, committed 59648K, reserved 1101824K
  class space    used 7753K, capacity 8146K, committed 8192K, reserved 1048576K
}

